This file contains any messages produced by compilers while
running configure, to aid debugging if configure makes a mistake.

It was created by configure, which was
generated by GNU Autoconf 2.69.  Invocation command line was

  $ ./configure --prefix=/home/ab25cq --with-debug

## --------- ##
## Platform. ##
## --------- ##

hostname = localhost.localdomain
uname -m = x86_64
uname -r = 2.6.32-042stab092.2
uname -s = Linux
uname -v = #1 SMP Tue Jul 8 10:35:55 MSK 2014

/usr/bin/uname -p = unknown
/bin/uname -X     = unknown

/bin/arch              = unknown
/usr/bin/arch -k       = unknown
/usr/convex/getsysinfo = unknown
/usr/bin/hostinfo      = unknown
/bin/machine           = unknown
/usr/bin/oslevel       = unknown
/bin/universe          = unknown

PATH: /home/ab25cq/bin
PATH: /usr/local/bin
PATH: /usr/bin
PATH: /bin
PATH: /usr/local/games
PATH: /usr/games


## ----------- ##
## Core tests. ##
## ----------- ##

configure:2083: checking for gcc
configure:2099: found /usr/bin/gcc
configure:2110: result: gcc
configure:2339: checking for C compiler version
configure:2348: gcc --version >&5
gcc (Debian 4.7.2-5) 4.7.2
Copyright (C) 2012 Free Software Foundation, Inc.
This is free software; see the source for copying conditions.  There is NO
warranty; not even for MERCHANTABILITY or FITNESS FOR A PARTICULAR PURPOSE.

configure:2359: $? = 0
configure:2348: gcc -v >&5
Using built-in specs.
COLLECT_GCC=gcc
COLLECT_LTO_WRAPPER=/usr/lib/gcc/x86_64-linux-gnu/4.7/lto-wrapper
Target: x86_64-linux-gnu
Configured with: ../src/configure -v --with-pkgversion='Debian 4.7.2-5' --with-bugurl=file:///usr/share/doc/gcc-4.7/README.Bugs --enable-languages=c,c++,go,fortran,objc,obj-c++ --prefix=/usr --program-suffix=-4.7 --enable-shared --enable-linker-build-id --with-system-zlib --libexecdir=/usr/lib --without-included-gettext --enable-threads=posix --with-gxx-include-dir=/usr/include/c++/4.7 --libdir=/usr/lib --enable-nls --with-sysroot=/ --enable-clocale=gnu --enable-libstdcxx-debug --enable-libstdcxx-time=yes --enable-gnu-unique-object --enable-plugin --enable-objc-gc --with-arch-32=i586 --with-tune=generic --enable-checking=release --build=x86_64-linux-gnu --host=x86_64-linux-gnu --target=x86_64-linux-gnu
Thread model: posix
gcc version 4.7.2 (Debian 4.7.2-5) 
configure:2359: $? = 0
configure:2348: gcc -V >&5
gcc: error: unrecognized command line option '-V'
gcc: fatal error: no input files
compilation terminated.
configure:2359: $? = 4
configure:2348: gcc -qversion >&5
gcc: error: unrecognized command line option '-qversion'
gcc: fatal error: no input files
compilation terminated.
configure:2359: $? = 4
configure:2379: checking whether the C compiler works
configure:2401: gcc    conftest.c  >&5
configure:2405: $? = 0
configure:2453: result: yes
configure:2456: checking for C compiler default output file name
configure:2458: result: a.out
configure:2464: checking for suffix of executables
configure:2471: gcc -o conftest    conftest.c  >&5
configure:2475: $? = 0
configure:2497: result: 
configure:2519: checking whether we are cross compiling
configure:2527: gcc -o conftest    conftest.c  >&5
configure:2531: $? = 0
configure:2538: ./conftest
configure:2542: $? = 0
configure:2557: result: no
configure:2562: checking for suffix of object files
configure:2584: gcc -c   conftest.c >&5
configure:2588: $? = 0
configure:2609: result: o
configure:2613: checking whether we are using the GNU C compiler
configure:2632: gcc -c   conftest.c >&5
configure:2632: $? = 0
configure:2641: result: yes
configure:2650: checking whether gcc accepts -g
configure:2670: gcc -c -g  conftest.c >&5
configure:2670: $? = 0
configure:2711: result: yes
configure:2728: checking for gcc option to accept ISO C89
configure:2791: gcc  -c -g -O2  conftest.c >&5
configure:2791: $? = 0
configure:2804: result: none needed
configure:2867: checking for a BSD-compatible install
configure:2935: result: /usr/bin/install -c
configure:2952: checking how to run the C preprocessor
configure:2983: gcc -E  conftest.c
configure:2983: $? = 0
configure:2997: gcc -E  conftest.c
conftest.c:9:28: fatal error: ac_nonexistent.h: No such file or directory
compilation terminated.
configure:2997: $? = 1
configure: failed program was:
| /* confdefs.h */
| #define PACKAGE_NAME ""
| #define PACKAGE_TARNAME ""
| #define PACKAGE_VERSION ""
| #define PACKAGE_STRING ""
| #define PACKAGE_BUGREPORT ""
| #define PACKAGE_URL ""
| /* end confdefs.h.  */
| #include <ac_nonexistent.h>
configure:3022: result: gcc -E
configure:3042: gcc -E  conftest.c
configure:3042: $? = 0
configure:3056: gcc -E  conftest.c
conftest.c:9:28: fatal error: ac_nonexistent.h: No such file or directory
compilation terminated.
configure:3056: $? = 1
configure: failed program was:
| /* confdefs.h */
| #define PACKAGE_NAME ""
| #define PACKAGE_TARNAME ""
| #define PACKAGE_VERSION ""
| #define PACKAGE_STRING ""
| #define PACKAGE_BUGREPORT ""
| #define PACKAGE_URL ""
| /* end confdefs.h.  */
| #include <ac_nonexistent.h>
configure:3085: checking for grep that handles long lines and -e
configure:3143: result: /bin/grep
configure:3148: checking for egrep
configure:3210: result: /bin/grep -E
configure:3215: checking for ANSI C header files
configure:3235: gcc -c -g -O2  conftest.c >&5
configure:3235: $? = 0
configure:3308: gcc -o conftest -g -O2   conftest.c  >&5
configure:3308: $? = 0
configure:3308: ./conftest
configure:3308: $? = 0
configure:3319: result: yes
configure:3332: checking for sys/types.h
configure:3332: gcc -c -g -O2  conftest.c >&5
configure:3332: $? = 0
configure:3332: result: yes
configure:3332: checking for sys/stat.h
configure:3332: gcc -c -g -O2  conftest.c >&5
configure:3332: $? = 0
configure:3332: result: yes
configure:3332: checking for stdlib.h
configure:3332: gcc -c -g -O2  conftest.c >&5
configure:3332: $? = 0
configure:3332: result: yes
configure:3332: checking for string.h
configure:3332: gcc -c -g -O2  conftest.c >&5
configure:3332: $? = 0
configure:3332: result: yes
configure:3332: checking for memory.h
configure:3332: gcc -c -g -O2  conftest.c >&5
configure:3332: $? = 0
configure:3332: result: yes
configure:3332: checking for strings.h
configure:3332: gcc -c -g -O2  conftest.c >&5
configure:3332: $? = 0
configure:3332: result: yes
configure:3332: checking for inttypes.h
configure:3332: gcc -c -g -O2  conftest.c >&5
configure:3332: $? = 0
configure:3332: result: yes
configure:3332: checking for stdint.h
configure:3332: gcc -c -g -O2  conftest.c >&5
configure:3332: $? = 0
configure:3332: result: yes
configure:3332: checking for unistd.h
configure:3332: gcc -c -g -O2  conftest.c >&5
configure:3332: $? = 0
configure:3332: result: yes
configure:3344: checking whether byte ordering is bigendian
configure:3359: gcc -c -g -O2  conftest.c >&5
conftest.c:20:9: error: unknown type name 'not'
conftest.c:20:15: error: expected '=', ',', ';', 'asm' or '__attribute__' before 'universal'
conftest.c:20:15: error: unknown type name 'universal'
configure:3359: $? = 1
configure: failed program was:
| /* confdefs.h */
| #define PACKAGE_NAME ""
| #define PACKAGE_TARNAME ""
| #define PACKAGE_VERSION ""
| #define PACKAGE_STRING ""
| #define PACKAGE_BUGREPORT ""
| #define PACKAGE_URL ""
| #define STDC_HEADERS 1
| #define HAVE_SYS_TYPES_H 1
| #define HAVE_SYS_STAT_H 1
| #define HAVE_STDLIB_H 1
| #define HAVE_STRING_H 1
| #define HAVE_MEMORY_H 1
| #define HAVE_STRINGS_H 1
| #define HAVE_INTTYPES_H 1
| #define HAVE_STDINT_H 1
| #define HAVE_UNISTD_H 1
| /* end confdefs.h.  */
| #ifndef __APPLE_CC__
| 	       not a universal capable compiler
| 	     #endif
| 	     typedef int dummy;
| 
configure:3404: gcc -c -g -O2  conftest.c >&5
configure:3404: $? = 0
configure:3422: gcc -c -g -O2  conftest.c >&5
conftest.c: In function 'main':
conftest.c:26:4: error: unknown type name 'not'
conftest.c:26:12: error: expected '=', ',', ';', 'asm' or '__attribute__' before 'endian'
configure:3422: $? = 1
configure: failed program was:
| /* confdefs.h */
| #define PACKAGE_NAME ""
| #define PACKAGE_TARNAME ""
| #define PACKAGE_VERSION ""
| #define PACKAGE_STRING ""
| #define PACKAGE_BUGREPORT ""
| #define PACKAGE_URL ""
| #define STDC_HEADERS 1
| #define HAVE_SYS_TYPES_H 1
| #define HAVE_SYS_STAT_H 1
| #define HAVE_STDLIB_H 1
| #define HAVE_STRING_H 1
| #define HAVE_MEMORY_H 1
| #define HAVE_STRINGS_H 1
| #define HAVE_INTTYPES_H 1
| #define HAVE_STDINT_H 1
| #define HAVE_UNISTD_H 1
| /* end confdefs.h.  */
| #include <sys/types.h>
| 		#include <sys/param.h>
| 
| int
| main ()
| {
| #if BYTE_ORDER != BIG_ENDIAN
| 		 not big endian
| 		#endif
| 
|   ;
|   return 0;
| }
configure:3550: result: no
configure:3606: checking CPU type
configure:3627: checking Operating System
configure:3709: checking for main in -lutil
configure:3728: gcc -o conftest -Isrc/ -I. -L . -I/home/ab25cq/include -L/home/ab25cq/lib -fPIC -DSYSCONFDIR="\"${sysconfdir}/\"" -DDOCDIR="\"${docdir}/\"" -DDATAROOTDIR="\"${datarootdir}/\""   conftest.c -lutil   >&5
configure:3728: $? = 0
configure:3737: result: yes
configure:3801: checking for main in -ldl
configure:3820: gcc -o conftest -Isrc/ -I. -L . -I/home/ab25cq/include -L/home/ab25cq/lib -fPIC -DSYSCONFDIR="\"${sysconfdir}/\"" -DDOCDIR="\"${docdir}/\"" -DDATAROOTDIR="\"${datarootdir}/\"" -I/usr/local/include -L /usr/local/lib -g -DMDEBUG -Werror   conftest.c -ldl   -lutil >&5
configure:3820: $? = 0
configure:3829: result: yes
configure:3838: checking math.h usability
configure:3838: gcc -c -Isrc/ -I. -L . -I/home/ab25cq/include -L/home/ab25cq/lib -fPIC -DSYSCONFDIR="\"${sysconfdir}/\"" -DDOCDIR="\"${docdir}/\"" -DDATAROOTDIR="\"${datarootdir}/\"" -I/usr/local/include -L /usr/local/lib -g -DMDEBUG -Werror  conftest.c >&5
configure:3838: $? = 0
configure:3838: result: yes
configure:3838: checking math.h presence
configure:3838: gcc -E  conftest.c
configure:3838: $? = 0
configure:3838: result: yes
configure:3838: checking for math.h
configure:3838: result: yes
configure:3845: checking for main in -lm
configure:3864: gcc -o conftest -Isrc/ -I. -L . -I/home/ab25cq/include -L/home/ab25cq/lib -fPIC -DSYSCONFDIR="\"${sysconfdir}/\"" -DDOCDIR="\"${docdir}/\"" -DDATAROOTDIR="\"${datarootdir}/\"" -I/usr/local/include -L /usr/local/lib -g -DMDEBUG -Werror   conftest.c -lm   -lutil -ldl >&5
configure:3864: $? = 0
configure:3873: result: yes
configure:3880: checking iconv.h usability
configure:3880: gcc -c -Isrc/ -I. -L . -I/home/ab25cq/include -L/home/ab25cq/lib -fPIC -DSYSCONFDIR="\"${sysconfdir}/\"" -DDOCDIR="\"${docdir}/\"" -DDATAROOTDIR="\"${datarootdir}/\"" -I/usr/local/include -L /usr/local/lib -g -DMDEBUG -Werror  conftest.c >&5
configure:3880: $? = 0
configure:3880: result: yes
configure:3880: checking iconv.h presence
configure:3880: gcc -E  conftest.c
configure:3880: $? = 0
configure:3880: result: yes
configure:3880: checking for iconv.h
configure:3880: result: yes
configure:4029: creating ./config.status

## ---------------------- ##
## Running config.status. ##
## ---------------------- ##

This file was extended by config.status, which was
generated by GNU Autoconf 2.69.  Invocation command line was

  CONFIG_FILES    = 
  CONFIG_HEADERS  = 
  CONFIG_LINKS    = 
  CONFIG_COMMANDS = 
  $ ./config.status 

on localhost.localdomain

config.status:816: creating Makefile
config.status:816: creating config.h

## ---------------- ##
## Cache variables. ##
## ---------------- ##

ac_cv_c_bigendian=no
ac_cv_c_compiler_gnu=yes
ac_cv_env_CC_set=
ac_cv_env_CC_value=
ac_cv_env_CFLAGS_set=
ac_cv_env_CFLAGS_value=
ac_cv_env_CPPFLAGS_set=
ac_cv_env_CPPFLAGS_value=
ac_cv_env_CPP_set=
ac_cv_env_CPP_value=
ac_cv_env_LDFLAGS_set=
ac_cv_env_LDFLAGS_value=
ac_cv_env_LIBS_set=
ac_cv_env_LIBS_value=
ac_cv_env_build_alias_set=
ac_cv_env_build_alias_value=
ac_cv_env_host_alias_set=
ac_cv_env_host_alias_value=
ac_cv_env_target_alias_set=
ac_cv_env_target_alias_value=
ac_cv_header_iconv_h=yes
ac_cv_header_inttypes_h=yes
ac_cv_header_math_h=yes
ac_cv_header_memory_h=yes
ac_cv_header_stdc=yes
ac_cv_header_stdint_h=yes
ac_cv_header_stdlib_h=yes
ac_cv_header_string_h=yes
ac_cv_header_strings_h=yes
ac_cv_header_sys_stat_h=yes
ac_cv_header_sys_types_h=yes
ac_cv_header_unistd_h=yes
ac_cv_lib_dl=ac_cv_lib_dl_main
ac_cv_lib_dl_main=yes
ac_cv_lib_m=ac_cv_lib_m_main
ac_cv_lib_m_main=yes
ac_cv_lib_util=ac_cv_lib_util_main
ac_cv_lib_util_main=yes
ac_cv_objext=o
ac_cv_path_EGREP='/bin/grep -E'
ac_cv_path_GREP=/bin/grep
ac_cv_path_install='/usr/bin/install -c'
ac_cv_prog_CPP='gcc -E'
ac_cv_prog_ac_ct_CC=gcc
ac_cv_prog_cc_c89=
ac_cv_prog_cc_g=yes

## ----------------- ##
## Output variables. ##
## ----------------- ##

CC='clang'
CFLAGS='-Isrc/ -I. -L . -I/home/ab25cq/include -L/home/ab25cq/lib -fPIC -DSYSCONFDIR="\"${sysconfdir}/\"" -DDOCDIR="\"${docdir}/\"" -DDATAROOTDIR="\"${datarootdir}/\"" -I/usr/local/include -L /usr/local/lib -g -DMDEBUG -Werror -Qunused-arguments'
COMPILER_OBJS='src/compiler.o src/parser.o src/node_type.o src/node.o src/vtable.o src/script.o src/node_block.o src/node_block_type.o src/class_compiler.o src/klass_compile_time.o src/method_compiler.o src/module.o'
CPP='gcc -E'
CPPFLAGS=''
DEFS='-DHAVE_CONFIG_H'
ECHO_C=''
ECHO_N='-n'
ECHO_T=''
EGREP='/bin/grep -E'
EXEEXT=''
GREP='/bin/grep'
INSTALL_DATA='${INSTALL} -m 644'
INSTALL_PROGRAM='${INSTALL}'
INSTALL_SCRIPT='${INSTALL}'
LDFLAGS=''
LIBANAME=''
LIBOBJS=''
LIBS=' -lutil -ldl -lm'
LIBSO2NAME='libclover2.so.1.0.0'
LIBSONAME='libclover2.so'
LIB_OBJS='src/buffer.o src/debug.o src/xfunc.o src/klass.o src/constant.o src/code.o'
LTLIBOBJS=''
OBJEXT='o'
OBJS='src/main.o src/vm.o src/object.o src/array.o src/string.o src/integer.o src/byte.o src/type.o src/stack.o src/heap.o src/exception.o src/native_method.o src/class_system.o src/class_clover.o'
OS='LINUX'
PACKAGE_BUGREPORT=''
PACKAGE_NAME=''
PACKAGE_STRING=''
PACKAGE_TARNAME=''
PACKAGE_URL=''
PACKAGE_VERSION=''
PATH_SEPARATOR=':'
SHELL='/bin/bash'
SO_VERSION='1.0.0'
ac_ct_CC='gcc'
bindir='${exec_prefix}/bin'
build_alias=''
datadir='${datarootdir}'
datarootdir='${prefix}/share'
docdir='${datarootdir}/doc/${PACKAGE}'
dvidir='${docdir}'
exec_prefix='${prefix}'
host_alias=''
htmldir='${docdir}'
includedir='${prefix}/include'
infodir='${datarootdir}/info'
libdir='${exec_prefix}/lib'
libexecdir='${exec_prefix}/libexec'
localedir='${datarootdir}/locale'
localstatedir='${prefix}/var'
mandir='${datarootdir}/man'
oldincludedir='/usr/include'
pdfdir='${docdir}'
prefix='/home/ab25cq'
program_transform_name='s,x,x,'
psdir='${docdir}'
sbindir='${exec_prefix}/sbin'
sharedstatedir='${prefix}/com'
sysconfdir='${prefix}/etc'
target_alias=''

## ----------- ##
## confdefs.h. ##
## ----------- ##

/* confdefs.h */
#define PACKAGE_NAME ""
#define PACKAGE_TARNAME ""
#define PACKAGE_VERSION ""
#define PACKAGE_STRING ""
#define PACKAGE_BUGREPORT ""
#define PACKAGE_URL ""
#define STDC_HEADERS 1
#define HAVE_SYS_TYPES_H 1
#define HAVE_SYS_STAT_H 1
#define HAVE_STDLIB_H 1
#define HAVE_STRING_H 1
#define HAVE_MEMORY_H 1
#define HAVE_STRINGS_H 1
#define HAVE_INTTYPES_H 1
#define HAVE_STDINT_H 1
#define HAVE_UNISTD_H 1
#define __64BIT_CPU__ 1
#define __LINUX__ 1
#define HAVE_MATH_H 1
#define HAVE_ICONV_H 1

configure: exit 0
