This file contains any messages produced by compilers while
running configure, to aid debugging if configure makes a mistake.

It was created by configure, which was
generated by GNU Autoconf 2.69.  Invocation command line was

  $ ./configure 

## --------- ##
## Platform. ##
## --------- ##

hostname = clover-lang.org
uname -m = x86_64
uname -r = 4.9.0-3-amd64
uname -s = Linux
uname -v = #1 SMP Debian 4.9.30-2+deb9u5 (2017-09-19)

/usr/bin/uname -p = unknown
/bin/uname -X     = unknown

/bin/arch              = unknown
/usr/bin/arch -k       = unknown
/usr/convex/getsysinfo = unknown
/usr/bin/hostinfo      = unknown
/bin/machine           = unknown
/usr/bin/oslevel       = unknown
/bin/universe          = unknown

PATH: /home/ab25cq/bin
PATH: /home/ab25cq/bin
PATH: /usr/local/bin
PATH: /usr/bin
PATH: /bin
PATH: /usr/local/games
PATH: /usr/games


## ----------- ##
## Core tests. ##
## ----------- ##

configure:1839: checking for a BSD-compatible install
configure:1907: result: /usr/bin/install -c
configure:1943: checking Operating System
configure:2046: checking for gcc
configure:2062: found /usr/bin/gcc
configure:2073: result: gcc
configure:2302: checking for C compiler version
configure:2311: gcc --version >&5
gcc (Debian 6.3.0-18+deb9u1) 6.3.0 20170516
Copyright (C) 2016 Free Software Foundation, Inc.
This is free software; see the source for copying conditions.  There is NO
warranty; not even for MERCHANTABILITY or FITNESS FOR A PARTICULAR PURPOSE.

configure:2322: $? = 0
configure:2311: gcc -v >&5
Using built-in specs.
COLLECT_GCC=gcc
COLLECT_LTO_WRAPPER=/usr/lib/gcc/x86_64-linux-gnu/6/lto-wrapper
Target: x86_64-linux-gnu
Configured with: ../src/configure -v --with-pkgversion='Debian 6.3.0-18+deb9u1' --with-bugurl=file:///usr/share/doc/gcc-6/README.Bugs --enable-languages=c,ada,c++,java,go,d,fortran,objc,obj-c++ --prefix=/usr --program-suffix=-6 --program-prefix=x86_64-linux-gnu- --enable-shared --enable-linker-build-id --libexecdir=/usr/lib --without-included-gettext --enable-threads=posix --libdir=/usr/lib --enable-nls --with-sysroot=/ --enable-clocale=gnu --enable-libstdcxx-debug --enable-libstdcxx-time=yes --with-default-libstdcxx-abi=new --enable-gnu-unique-object --disable-vtable-verify --enable-libmpx --enable-plugin --enable-default-pie --with-system-zlib --disable-browser-plugin --enable-java-awt=gtk --enable-gtk-cairo --with-java-home=/usr/lib/jvm/java-1.5.0-gcj-6-amd64/jre --enable-java-home --with-jvm-root-dir=/usr/lib/jvm/java-1.5.0-gcj-6-amd64 --with-jvm-jar-dir=/usr/lib/jvm-exports/java-1.5.0-gcj-6-amd64 --with-arch-directory=amd64 --with-ecj-jar=/usr/share/java/eclipse-ecj.jar --with-target-system-zlib --enable-objc-gc=auto --enable-multiarch --with-arch-32=i686 --with-abi=m64 --with-multilib-list=m32,m64,mx32 --enable-multilib --with-tune=generic --enable-checking=release --build=x86_64-linux-gnu --host=x86_64-linux-gnu --target=x86_64-linux-gnu
Thread model: posix
gcc version 6.3.0 20170516 (Debian 6.3.0-18+deb9u1) 
configure:2322: $? = 0
configure:2311: gcc -V >&5
gcc: error: unrecognized command line option '-V'
gcc: fatal error: no input files
compilation terminated.
configure:2322: $? = 1
configure:2311: gcc -qversion >&5
gcc: error: unrecognized command line option '-qversion'; did you mean '--version'?
gcc: fatal error: no input files
compilation terminated.
configure:2322: $? = 1
configure:2342: checking whether the C compiler works
configure:2364: gcc -Isrc/ -I. -L . -fPIC -rdynamic -DPREFIX="\"${DESTDIR}/\""   conftest.c  >&5
configure:2368: $? = 0
configure:2416: result: yes
configure:2419: checking for C compiler default output file name
configure:2421: result: a.out
configure:2427: checking for suffix of executables
configure:2434: gcc -o conftest -Isrc/ -I. -L . -fPIC -rdynamic -DPREFIX="\"${DESTDIR}/\""   conftest.c  >&5
configure:2438: $? = 0
configure:2460: result: 
configure:2482: checking whether we are cross compiling
configure:2490: gcc -o conftest -Isrc/ -I. -L . -fPIC -rdynamic -DPREFIX="\"${DESTDIR}/\""   conftest.c  >&5
configure:2494: $? = 0
configure:2501: ./conftest
configure:2505: $? = 0
configure:2520: result: no
configure:2525: checking for suffix of object files
configure:2547: gcc -c -Isrc/ -I. -L . -fPIC -rdynamic -DPREFIX="\"${DESTDIR}/\""  conftest.c >&5
configure:2551: $? = 0
configure:2572: result: o
configure:2576: checking whether we are using the GNU C compiler
configure:2595: gcc -c -Isrc/ -I. -L . -fPIC -rdynamic -DPREFIX="\"${DESTDIR}/\""  conftest.c >&5
configure:2595: $? = 0
configure:2604: result: yes
configure:2613: checking whether gcc accepts -g
configure:2633: gcc -c -g  conftest.c >&5
configure:2633: $? = 0
configure:2674: result: yes
configure:2691: checking for gcc option to accept ISO C89
configure:2754: gcc  -c -Isrc/ -I. -L . -fPIC -rdynamic -DPREFIX="\"${DESTDIR}/\""  conftest.c >&5
configure:2754: $? = 0
configure:2767: result: none needed
configure:2788: checking for main in -lutil
configure:2807: gcc -o conftest -Isrc/ -I. -L . -fPIC -rdynamic -DPREFIX="\"${DESTDIR}/\""   conftest.c -lutil   >&5
configure:2807: $? = 0
configure:2816: result: yes
configure:3064: creating ./config.status

## ---------------------- ##
## Running config.status. ##
## ---------------------- ##

This file was extended by config.status, which was
generated by GNU Autoconf 2.69.  Invocation command line was

  CONFIG_FILES    = 
  CONFIG_HEADERS  = 
  CONFIG_LINKS    = 
  CONFIG_COMMANDS = 
  $ ./config.status 

on clover-lang.org

config.status:726: creating Makefile

## ---------------- ##
## Cache variables. ##
## ---------------- ##

ac_cv_c_compiler_gnu=yes
ac_cv_env_CC_set=
ac_cv_env_CC_value=
ac_cv_env_CFLAGS_set=
ac_cv_env_CFLAGS_value=
ac_cv_env_CPPFLAGS_set=
ac_cv_env_CPPFLAGS_value=
ac_cv_env_LDFLAGS_set=
ac_cv_env_LDFLAGS_value=
ac_cv_env_LIBS_set=
ac_cv_env_LIBS_value=
ac_cv_env_build_alias_set=
ac_cv_env_build_alias_value=
ac_cv_env_host_alias_set=
ac_cv_env_host_alias_value=
ac_cv_env_target_alias_set=
ac_cv_env_target_alias_value=
ac_cv_lib_util=ac_cv_lib_util_main
ac_cv_lib_util_main=yes
ac_cv_objext=o
ac_cv_path_install='/usr/bin/install -c'
ac_cv_prog_ac_ct_CC=gcc
ac_cv_prog_cc_c89=
ac_cv_prog_cc_g=yes

## ----------------- ##
## Output variables. ##
## ----------------- ##

CC='gcc'
CFLAGS='-Isrc/ -I. -L . -fPIC -rdynamic -DPREFIX="\"${DESTDIR}/\"" -I /usr/local/include -L /usr/local/lib'
CPPFLAGS=''
DEFS='-DPACKAGE_NAME=\"\" -DPACKAGE_TARNAME=\"\" -DPACKAGE_VERSION=\"\" -DPACKAGE_STRING=\"\" -DPACKAGE_BUGREPORT=\"\" -DPACKAGE_URL=\"\" -D__LINUX__=1'
DESTDIR='/usr/local'
ECHO_C=''
ECHO_N='-n'
ECHO_T=''
EXEEXT=''
INSTALL_DATA='${INSTALL} -m 644'
INSTALL_PROGRAM='${INSTALL}'
INSTALL_SCRIPT='${INSTALL}'
JIT='0'
LDFLAGS=''
LIBOBJS=''
LIBS=' -lutil'
LTLIBOBJS=''
OBJEXT='o'
OS='LINUX'
PACKAGE_BUGREPORT=''
PACKAGE_NAME=''
PACKAGE_STRING=''
PACKAGE_TARNAME=''
PACKAGE_URL=''
PACKAGE_VERSION=''
PATH_SEPARATOR=':'
SHELL='/bin/bash'
ac_ct_CC='gcc'
bindir='${exec_prefix}/bin'
build_alias=''
datadir='${datarootdir}'
datarootdir='${prefix}/share'
docdir='${datarootdir}/doc/${PACKAGE}'
dvidir='${docdir}'
exec_prefix='${prefix}'
host_alias=''
htmldir='${docdir}'
includedir='${prefix}/include'
infodir='${datarootdir}/info'
libdir='${exec_prefix}/lib'
libexecdir='${exec_prefix}/libexec'
localedir='${datarootdir}/locale'
localstatedir='${prefix}/var'
mandir='${datarootdir}/man'
oldincludedir='/usr/include'
pdfdir='${docdir}'
prefix='/usr/local'
program_transform_name='s,x,x,'
psdir='${docdir}'
runstatedir='${localstatedir}/run'
sbindir='${exec_prefix}/sbin'
sharedstatedir='${prefix}/com'
sysconfdir='${prefix}/etc'
target_alias=''

## ----------- ##
## confdefs.h. ##
## ----------- ##

/* confdefs.h */
#define PACKAGE_NAME ""
#define PACKAGE_TARNAME ""
#define PACKAGE_VERSION ""
#define PACKAGE_STRING ""
#define PACKAGE_BUGREPORT ""
#define PACKAGE_URL ""
#define __LINUX__ 1

configure: exit 0
